<?xml version="1.0" encoding="UTF-8"?>
<!-- Generated by org.testng.reporters.JUnitReportReporter -->
<testsuite hostname="DESKTOP-UKNGCC3" failures="0" tests="3" name="com.juaracoding.traveltest.AppTest" time="3.512" errors="0" timestamp="2025-09-21T18:12:11 WIB" skipped="0">
  <testcase classname="com.juaracoding.traveltest.AppTest" name="registerUserTest" time="0.600"/>
  <testcase classname="com.juaracoding.traveltest.AppTest" name="selectRandomCountryTest" time="1.353"/>
  <testcase classname="com.juaracoding.traveltest.AppTest" name="userInformationTest" time="1.559"/>
</testsuite> <!-- com.juaracoding.traveltest.AppTest -->
